[12:19:38] [main/INFO]: Logging in with username & password
[12:19:42] [main/INFO]: Setting user: codycoolwaffle
[12:19:43] [Client thread/INFO]: LWJGL Version: 2.9.1
[12:19:53] [Client thread/INFO]: Reloading ResourceManager: Default, FMLFileResourcePack:Forge Mod Loader, FMLFileResourcePack:Minecraft Forge, FMLFileResourcePack:Tinkers' in the Sky, FMLFileResourcePack:CoFH Core, FMLFileResourcePack:Ex Nihilo, FMLFileResourcePack:Mantle, FMLFileResourcePack:Tinkers' Construct
[12:19:56] [Sound Library Loader/INFO]: Sound engine started
[12:19:56] [Client thread/INFO]: Created: 16x16 textures/blocks-atlas
[12:19:57] [Client thread/INFO]: Created: 16x16 textures/items-atlas
[12:19:57] [Client thread/INFO]: Reloading ResourceManager: Default, FMLFileResourcePack:Forge Mod Loader, FMLFileResourcePack:Minecraft Forge, FMLFileResourcePack:Tinkers' in the Sky, FMLFileResourcePack:CoFH Core, FMLFileResourcePack:Ex Nihilo, FMLFileResourcePack:Mantle, FMLFileResourcePack:Tinkers' Construct
[12:19:58] [Client thread/INFO]: Created: 1024x512 textures/blocks-atlas
[12:20:00] [Client thread/INFO]: Created: 1024x1024 textures/items-atlas
[12:20:01] [Sound Library Loader/INFO]: Sound engine started
[12:20:23] [Server thread/INFO]: Starting integrated minecraft server version 1.7.10
[12:20:23] [Server thread/INFO]: Generating keypair
[12:20:23] [Server thread/INFO]: Preparing start region for level 0
[12:20:24] [Server thread/INFO]: Changing view distance to 8, from 10
[12:20:24] [Server thread/INFO]: codycoolwaffle[local:E:91de9b38] logged in with entity id 50 at (163.28699648648558, 65.0, 142.62372264900583)
[12:20:24] [Server thread/INFO]: codycoolwaffle joined the game
[12:20:38] [Client thread/INFO]: [CHAT] [CoFH Core] A new version is available§6:
[12:20:39] [Client thread/INFO]: [CHAT] §f[Download§f] Final 1.7.10 release.
[12:24:55] [Server thread/INFO]: [codycoolwaffle: Set own game mode to Survival Mode]
[12:24:55] [Client thread/INFO]: [CHAT] Your game mode has been updated
[12:25:00] [Server thread/INFO]: Saving and pausing game...
[12:25:00] [Server thread/INFO]: Saving chunks for level 'New World'/Overworld
[12:25:00] [Server thread/INFO]: Saving chunks for level 'New World'/Nether
[12:25:00] [Server thread/INFO]: Saving chunks for level 'New World'/The End
[12:25:36] [Server thread/INFO]: [codycoolwaffle: Set own game mode to Creative Mode]
[12:25:36] [Client thread/INFO]: [CHAT] Your game mode has been updated
[12:25:54] [Server thread/INFO]: [codycoolwaffle: Set own game mode to Survival Mode]
[12:25:54] [Client thread/INFO]: [CHAT] Your game mode has been updated
[12:26:45] [Server thread/INFO]: Saving and pausing game...
[12:26:45] [Server thread/INFO]: Saving chunks for level 'New World'/Overworld
[12:26:45] [Server thread/INFO]: Saving chunks for level 'New World'/Nether
[12:26:45] [Server thread/INFO]: Saving chunks for level 'New World'/The End
[12:26:46] [Server thread/INFO]: Stopping server
[12:26:46] [Server thread/INFO]: Saving players
[12:26:46] [Server thread/INFO]: Saving worlds
[12:26:46] [Server thread/INFO]: Saving chunks for level 'New World'/Overworld
[12:26:46] [Server thread/INFO]: Saving chunks for level 'New World'/Nether
[12:26:46] [Server thread/INFO]: Saving chunks for level 'New World'/The End
[12:26:47] [Client thread/INFO]: Stopping!
