#
# A fatal error has been detected by the Java Runtime Environment:
#
#  EXCEPTION_ACCESS_VIOLATION (0xc0000005) at pc=0x0000000026681066, pid=6508, tid=0x00000000000016cc
#
# JRE version: Java(TM) SE Runtime Environment (8.0_131-b11) (build 1.8.0_131-b11)
# Java VM: Java HotSpot(TM) 64-Bit Server VM (25.131-b11 mixed mode windows-amd64 compressed oops)
# Problematic frame:
# C  [OpenAL64.dll+0x11066]
#
# Failed to write core dump. Minidumps are not enabled by default on client versions of Windows
#
# If you would like to submit a bug report, please visit:
#   http://bugreport.java.com/bugreport/crash.jsp
# The crash happened outside the Java Virtual Machine in native code.
# See problematic frame for where to report the bug.
#

---------------  T H R E A D  ---------------

Current thread (0x0000000023c7b800):  JavaThread "Thread-8" [_thread_in_native, id=5836, stack(0x0000000047b80000,0x0000000047c80000)]

siginfo: ExceptionCode=0xc0000005, reading address 0x0000000022215004

Registers:
RAX=0x000000000000ffff, RBX=0x00000000266e0090, RCX=0x0000000022215008, RDX=0x0000000022215004
RSP=0x0000000047c7ef40, RBP=0x00000000000000ff, RSI=0x000000002220e99c, RDI=0x0000000000000000
R8 =0x000000000000199a, R9 =0x000000002220e99c, R10=0x0000000002e27f48, R11=0x000000006831bd80
R12=0x0000000000000001, R13=0x000000002ef4c200, R14=0x0000000047c7f0d8, R15=0x0000000023c7b800
RIP=0x0000000026681066, EFLAGS=0x0000000000010202

Top of Stack: (sp=0x0000000047c7ef40)
0x0000000047c7ef40:   0000000000000000 00000000681bd78b
0x0000000047c7ef50:   0000000023c7b800 0000000023c7b800
0x0000000047c7ef60:   000000002ef4c200 0000000000000000
0x0000000047c7ef70:   0000000023c7b800 000000002220d3c0
0x0000000047c7ef80:   000000002ef4c200 0000000047c7f0d8
0x0000000047c7ef90:   000000003eb68500 00000000681ab756
0x0000000047c7efa0:   0000000047c7f748 000000001fa55ba0
0x0000000047c7efb0:   0000000023c7b800 0000000047c7f0d8
0x0000000047c7efc0:   000000002ef4c200 0000000000000000
0x0000000047c7efd0:   000000002220e99c 0000000000000007
0x0000000047c7efe0:   0000000047c7f0a0 000000002668248f
0x0000000047c7eff0:   00000000266e0090 00000000266e0090
0x0000000047c7f000:   000000000000ac44 000000000000ffff
0x0000000047c7f010:   0000000000000007 0000000002e27f74
0x0000000047c7f020:   000000002ef4c200 0000000002e27cdd
0x0000000047c7f030:   0000000023c7b800 000000002ef4c200 

Instructions: (pc=0x0000000026681066)
0x0000000026681046:   41 2b ec 81 3a 03 00 02 00 75 09 8b 01 89 84 24
0x0000000026681056:   c8 00 00 00 49 83 c0 02 48 83 c1 08 4a 8d 14 86
0x0000000026681066:   39 3a 75 af 4c 8d 84 24 c0 00 00 00 48 8d 15 d7
0x0000000026681076:   2b 03 00 33 c9 e8 58 5f 00 00 b8 40 1f 00 00 4c 


Register to memory mapping:

RAX=0x000000000000ffff is an unknown value
RBX=0x00000000266e0090 is an unknown value
RCX=0x0000000022215008 is an unknown value
RDX=0x0000000022215004 is an unknown value
RSP=0x0000000047c7ef40 is pointing into the stack for thread: 0x0000000023c7b800
RBP=0x00000000000000ff is an unknown value
RSI=0x000000002220e99c is an unknown value
RDI=0x0000000000000000 is an unknown value
R8 =0x000000000000199a is an unknown value
R9 =0x000000002220e99c is an unknown value
R10=0x0000000002e27f48 is at code_begin+840 in an Interpreter codelet
method entry point (kind = native)  [0x0000000002e27c00, 0x0000000002e28560]  2400 bytes
R11=0x000000006831bd80 is an unknown value
R12=0x0000000000000001 is an unknown value
R13={method} {0x000000002ef4c208} 'nalcCreateContext' '(JJ)J' in 'org/lwjgl/openal/ALC10'
R14=0x0000000047c7f0d8 is pointing into the stack for thread: 0x0000000023c7b800
R15=0x0000000023c7b800 is a thread


Stack: [0x0000000047b80000,0x0000000047c80000],  sp=0x0000000047c7ef40,  free space=1019k
Native frames: (J=compiled Java code, j=interpreted, Vv=VM code, C=native code)
C  [OpenAL64.dll+0x11066]
C  [OpenAL64.dll+0x1248f]
C  0x0000000002e27f74

Java frames: (J=compiled Java code, j=interpreted, Vv=VM code)
j  org.lwjgl.openal.ALC10.nalcCreateContext(JJ)J+0
j  org.lwjgl.openal.ALC10.alcCreateContext(Lorg/lwjgl/openal/ALCdevice;Ljava/nio/IntBuffer;)Lorg/lwjgl/openal/ALCcontext;+8
j  org.lwjgl.openal.AL.init(Ljava/lang/String;IIZZ)V+69
j  org.lwjgl.openal.AL.create(Ljava/lang/String;IIZZ)V+227
j  org.lwjgl.openal.AL.create(Ljava/lang/String;IIZ)V+5
j  org.lwjgl.openal.AL.create()V+6
j  paulscode.sound.libraries.LibraryLWJGLOpenAL.init()V+2
j  paulscode.sound.SoundSystem.CommandNewLibrary(Ljava/lang/Class;)V+273
j  paulscode.sound.SoundSystem.CommandQueue(Lpaulscode/sound/CommandObject;)Z+1206
j  paulscode.sound.CommandThread.run()V+51
v  ~StubRoutines::call_stub

---------------  P R O C E S S  ---------------

Java Threads: ( => current thread )
  0x0000000023c79000 JavaThread "Thread-9" [_thread_blocked, id=29572, stack(0x0000000047c80000,0x0000000047d80000)]
=>0x0000000023c7b800 JavaThread "Thread-8" [_thread_in_native, id=5836, stack(0x0000000047b80000,0x0000000047c80000)]
  0x0000000023c78800 JavaThread "Sound Library Loader" [_thread_blocked, id=14628, stack(0x0000000047a80000,0x0000000047b80000)]
  0x0000000023c7a800 JavaThread "Keep-Alive-Timer" daemon [_thread_blocked, id=1344, stack(0x0000000047680000,0x0000000047780000)]
  0x0000000023c7c000 JavaThread "LWJGL Timer" daemon [_thread_blocked, id=12404, stack(0x0000000032700000,0x0000000032800000)]
  0x000000001f21e800 JavaThread "Thread-6" [_thread_blocked, id=25852, stack(0x0000000030500000,0x0000000030600000)]
  0x0000000023e39000 JavaThread "Java2D Disposer" daemon [_thread_blocked, id=32720, stack(0x0000000023310000,0x0000000023410000)]
  0x00000000228e5000 JavaThread "Timer hack thread" daemon [_thread_blocked, id=1836, stack(0x0000000023210000,0x0000000023310000)]
  0x000000001f60a800 JavaThread "Snooper Timer" daemon [_thread_blocked, id=10500, stack(0x0000000023080000,0x0000000023180000)]
  0x000000001e272000 JavaThread "Service Thread" daemon [_thread_blocked, id=24636, stack(0x000000001eda0000,0x000000001eea0000)]
  0x000000001e245000 JavaThread "C1 CompilerThread3" daemon [_thread_blocked, id=13852, stack(0x000000001eca0000,0x000000001eda0000)]
  0x000000001e244800 JavaThread "C2 CompilerThread2" daemon [_thread_blocked, id=5176, stack(0x000000001eba0000,0x000000001eca0000)]
  0x000000001e243800 JavaThread "C2 CompilerThread1" daemon [_thread_blocked, id=29796, stack(0x000000001eaa0000,0x000000001eba0000)]
  0x000000001e28f800 JavaThread "C2 CompilerThread0" daemon [_thread_blocked, id=23904, stack(0x000000001e9a0000,0x000000001eaa0000)]
  0x000000001e241800 JavaThread "Monitor Ctrl-Break" daemon [_thread_in_native, id=3404, stack(0x000000001e8a0000,0x000000001e9a0000)]
  0x000000001d015000 JavaThread "Attach Listener" daemon [_thread_blocked, id=8068, stack(0x000000001dfa0000,0x000000001e0a0000)]
  0x000000001d00f000 JavaThread "Signal Dispatcher" daemon [_thread_blocked, id=21240, stack(0x000000001dea0000,0x000000001dfa0000)]
  0x000000001d00e000 JavaThread "Surrogate Locker Thread (Concurrent GC)" daemon [_thread_blocked, id=7120, stack(0x000000001dda0000,0x000000001dea0000)]
  0x000000001cff4800 JavaThread "Finalizer" daemon [_thread_blocked, id=19448, stack(0x000000001dbb0000,0x000000001dcb0000)]
  0x000000001cfcd800 JavaThread "Reference Handler" daemon [_thread_blocked, id=17832, stack(0x000000001dab0000,0x000000001dbb0000)]
  0x0000000002c18000 JavaThread "Client thread" [_thread_in_native, id=10012, stack(0x0000000002b10000,0x0000000002c10000)]

Other Threads:
  0x000000001cfc1800 VMThread [stack: 0x000000001d9b0000,0x000000001dab0000] [id=29184]
  0x000000001e359000 WatcherThread [stack: 0x000000001eea0000,0x000000001efa0000] [id=20228]

VM state:not at safepoint (normal execution)

VM Mutex/Monitor currently owned by a thread: None

Heap:
 par new generation   total 613440K, used 356204K [0x0000000640000000, 0x0000000669990000, 0x0000000669990000)
  eden space 545344K,  52% used [0x0000000640000000, 0x000000065195b0d8, 0x0000000661490000)
  from space 68096K, 100% used [0x0000000661490000, 0x0000000665710000, 0x0000000665710000)
  to   space 68096K,   0% used [0x0000000665710000, 0x0000000665710000, 0x0000000669990000)
 concurrent mark-sweep generation total 5609920K, used 136789K [0x0000000669990000, 0x00000007c0000000, 0x00000007c0000000)
 Metaspace       used 35733K, capacity 36093K, committed 36480K, reserved 1081344K
  class space    used 4607K, capacity 4722K, committed 4736K, reserved 1048576K

Card table byte_map: [0x00000000129d0000,0x00000000135e0000] byte_map_base: 0x000000000f7d0000

Marking Bits: (CMSBitMap*) 0x0000000002ca4db8
 Bits: [0x0000000014920000, 0x0000000019eb9c00)

Mod Union Table: (CMSBitMap*) 0x0000000002ca4e78
 Bits: [0x0000000019ec0000, 0x000000001a016670)

Polling page: 0x0000000001010000

CodeCache: size=245760Kb used=14937Kb max_used=15008Kb free=230822Kb
 bounds [0x0000000002e10000, 0x0000000003cd0000, 0x0000000011e10000]
 total_blobs=4499 nmethods=3766 adapters=645
 compilation: enabled

Compilation events (10 events):
Event: 27.166 Thread 0x000000001e245000 4845       3       java.lang.Class::getResourceAsStream (26 bytes)
Event: 27.166 Thread 0x000000001e245000 nmethod 4845 0x0000000003032350 code [0x0000000003032580, 0x0000000003033178]
Event: 27.166 Thread 0x000000001e245000 4846       3       java.lang.Class::resolveName (99 bytes)
Event: 27.167 Thread 0x000000001e245000 nmethod 4846 0x0000000003cc8c10 code [0x0000000003cc8ea0, 0x0000000003cca118]
Event: 27.168 Thread 0x000000001e243800 4847       4       java.lang.StringBuilder::append (6 bytes)
Event: 27.176 Thread 0x000000001e245000 4848       3       net.minecraft.client.resources.DefaultResourcePack::getResourceStream (40 bytes)
Event: 27.177 Thread 0x000000001e245000 nmethod 4848 0x0000000003cca7d0 code [0x0000000003ccaac0, 0x0000000003ccc028]
Event: 27.179 Thread 0x000000001e243800 nmethod 4847 0x0000000003163250 code [0x00000000031633e0, 0x0000000003163a18]
Event: 27.180 Thread 0x000000001e245000 4849       3       net.minecraft.util.ResourceLocation::toString (30 bytes)
Event: 27.181 Thread 0x000000001e245000 nmethod 4849 0x0000000003cb7890 code [0x0000000003cb7a60, 0x0000000003cb82b8]

GC Heap History (10 events):
Event: 3.212 GC heap before
{Heap before GC invocations=0 (full 0):
 par new generation   total 613440K, used 119976K [0x0000000640000000, 0x0000000669990000, 0x0000000669990000)
  eden space 545344K,  22% used [0x0000000640000000, 0x000000064752a338, 0x0000000661490000)
  from space 68096K,   0% used [0x0000000661490000, 0x0000000661490000, 0x0000000665710000)
  to   space 68096K,   0% used [0x0000000665710000, 0x0000000665710000, 0x0000000669990000)
 concurrent mark-sweep generation total 5609920K, used 0K [0x0000000669990000, 0x00000007c0000000, 0x00000007c0000000)
 Metaspace       used 15597K, capacity 15842K, committed 16128K, reserved 1062912K
  class space    used 1826K, capacity 1936K, committed 2048K, reserved 1048576K
Event: 3.292 GC heap after
Heap after GC invocations=1 (full 1):
 par new generation   total 613440K, used 0K [0x0000000640000000, 0x0000000669990000, 0x0000000669990000)
  eden space 545344K,   0% used [0x0000000640000000, 0x0000000640000000, 0x0000000661490000)
  from space 68096K,   0% used [0x0000000661490000, 0x0000000661490000, 0x0000000665710000)
  to   space 68096K,   0% used [0x0000000665710000, 0x0000000665710000, 0x0000000669990000)
 concurrent mark-sweep generation total 5609920K, used 9871K [0x0000000669990000, 0x00000007c0000000, 0x00000007c0000000)
 Metaspace       used 15597K, capacity 15842K, committed 16128K, reserved 1062912K
  class space    used 1826K, capacity 1936K, committed 2048K, reserved 1048576K
}
Event: 8.731 GC heap before
{Heap before GC invocations=1 (full 2):
 par new generation   total 613440K, used 545344K [0x0000000640000000, 0x0000000669990000, 0x0000000669990000)
  eden space 545344K, 100% used [0x0000000640000000, 0x0000000661490000, 0x0000000661490000)
  from space 68096K,   0% used [0x0000000661490000, 0x0000000661490000, 0x0000000665710000)
  to   space 68096K,   0% used [0x0000000665710000, 0x0000000665710000, 0x0000000669990000)
 concurrent mark-sweep generation total 5609920K, used 9871K [0x0000000669990000, 0x00000007c0000000, 0x00000007c0000000)
 Metaspace       used 21627K, capacity 21834K, committed 22144K, reserved 1069056K
  class space    used 2490K, capacity 2590K, committed 2688K, reserved 1048576K
Event: 8.761 GC heap after
Heap after GC invocations=2 (full 2):
 par new generation   total 613440K, used 32339K [0x0000000640000000, 0x0000000669990000, 0x0000000669990000)
  eden space 545344K,   0% used [0x0000000640000000, 0x0000000640000000, 0x0000000661490000)
  from space 68096K,  47% used [0x0000000665710000, 0x00000006676a4c00, 0x0000000669990000)
  to   space 68096K,   0% used [0x0000000661490000, 0x0000000661490000, 0x0000000665710000)
 concurrent mark-sweep generation total 5609920K, used 9871K [0x0000000669990000, 0x00000007c0000000, 0x00000007c0000000)
 Metaspace       used 21627K, capacity 21834K, committed 22144K, reserved 1069056K
  class space    used 2490K, capacity 2590K, committed 2688K, reserved 1048576K
}
Event: 15.262 GC heap before
{Heap before GC invocations=2 (full 2):
 par new generation   total 613440K, used 577683K [0x0000000640000000, 0x0000000669990000, 0x0000000669990000)
  eden space 545344K, 100% used [0x0000000640000000, 0x0000000661490000, 0x0000000661490000)
  from space 68096K,  47% used [0x0000000665710000, 0x00000006676a4c00, 0x0000000669990000)
  to   space 68096K,   0% used [0x0000000661490000, 0x0000000661490000, 0x0000000665710000)
 concurrent mark-sweep generation total 5609920K, used 4918K [0x0000000669990000, 0x00000007c0000000, 0x00000007c0000000)
 Metaspace       used 28696K, capacity 28969K, committed 29312K, reserved 1075200K
  class space    used 3491K, capacity 3616K, committed 3712K, reserved 1048576K
Event: 15.298 GC heap after
Heap after GC invocations=3 (full 2):
 par new generation   total 613440K, used 61388K [0x0000000640000000, 0x0000000669990000, 0x0000000669990000)
  eden space 545344K,   0% used [0x0000000640000000, 0x0000000640000000, 0x0000000661490000)
  from space 68096K,  90% used [0x0000000661490000, 0x00000006650831d0, 0x0000000665710000)
  to   space 68096K,   0% used [0x0000000665710000, 0x0000000665710000, 0x0000000669990000)
 concurrent mark-sweep generation total 5609920K, used 4918K [0x0000000669990000, 0x00000007c0000000, 0x00000007c0000000)
 Metaspace       used 28696K, capacity 28969K, committed 29312K, reserved 1075200K
  class space    used 3491K, capacity 3616K, committed 3712K, reserved 1048576K
}
Event: 20.239 GC heap before
{Heap before GC invocations=3 (full 3):
 par new generation   total 613440K, used 606732K [0x0000000640000000, 0x0000000669990000, 0x0000000669990000)
  eden space 545344K, 100% used [0x0000000640000000, 0x0000000661490000, 0x0000000661490000)
  from space 68096K,  90% used [0x0000000661490000, 0x00000006650831d0, 0x0000000665710000)
  to   space 68096K,   0% used [0x0000000665710000, 0x0000000665710000, 0x0000000669990000)
 concurrent mark-sweep generation total 5609920K, used 4918K [0x0000000669990000, 0x00000007c0000000, 0x00000007c0000000)
 Metaspace       used 28833K, capacity 29161K, committed 29568K, reserved 1075200K
  class space    used 3492K, capacity 3616K, committed 3712K, reserved 1048576K
Event: 20.395 GC heap after
Heap after GC invocations=4 (full 3):
 par new generation   total 613440K, used 68095K [0x0000000640000000, 0x0000000669990000, 0x0000000669990000)
  eden space 545344K,   0% used [0x0000000640000000, 0x0000000640000000, 0x0000000661490000)
  from space 68096K,  99% used [0x0000000665710000, 0x000000066998fff8, 0x0000000669990000)
  to   space 68096K,   0% used [0x0000000661490000, 0x0000000661490000, 0x0000000665710000)
 concurrent mark-sweep generation total 5609920K, used 86741K [0x0000000669990000, 0x00000007c0000000, 0x00000007c0000000)
 Metaspace       used 28833K, capacity 29161K, committed 29568K, reserved 1075200K
  class space    used 3492K, capacity 3616K, committed 3712K, reserved 1048576K
}
Event: 24.577 GC heap before
{Heap before GC invocations=4 (full 3):
 par new generation   total 613440K, used 613439K [0x0000000640000000, 0x0000000669990000, 0x0000000669990000)
  eden space 545344K, 100% used [0x0000000640000000, 0x0000000661490000, 0x0000000661490000)
  from space 68096K,  99% used [0x0000000665710000, 0x000000066998fff8, 0x0000000669990000)
  to   space 68096K,   0% used [0x0000000661490000, 0x0000000661490000, 0x0000000665710000)
 concurrent mark-sweep generation total 5609920K, used 86741K [0x0000000669990000, 0x00000007c0000000, 0x00000007c0000000)
 Metaspace       used 31942K, capacity 32213K, committed 32640K, reserved 1077248K
  class space    used 3963K, capacity 4098K, committed 4224K, reserved 1048576K
Event: 24.670 GC heap after
Heap after GC invocations=5 (full 3):
 par new generation   total 613440K, used 68096K [0x0000000640000000, 0x0000000669990000, 0x0000000669990000)
  eden space 545344K,   0% used [0x0000000640000000, 0x0000000640000000, 0x0000000661490000)
  from space 68096K, 100% used [0x0000000661490000, 0x0000000665710000, 0x0000000665710000)
  to   space 68096K,   0% used [0x0000000665710000, 0x0000000665710000, 0x0000000669990000)
 concurrent mark-sweep generation total 5609920K, used 136794K [0x0000000669990000, 0x00000007c0000000, 0x00000007c0000000)
 Metaspace       used 31942K, capacity 32213K, committed 32640K, reserved 1077248K
  class space    used 3963K, capacity 4098K, committed 4224K, reserved 1048576K
}

Deoptimization events (10 events):
Event: 25.106 Thread 0x0000000002c18000 Uncommon trap: reason=bimorphic action=maybe_recompile pc=0x0000000003be7d88 method=java.util.Hashtable.addEntry(ILjava/lang/Object;Ljava/lang/Object;I)V @ 38
Event: 25.275 Thread 0x0000000002c18000 Uncommon trap: reason=unstable_if action=reinterpret pc=0x0000000003691c78 method=java.io.WinNTFileSystem.resolve(Ljava/lang/String;Ljava/lang/String;)Ljava/lang/String; @ 49
Event: 25.427 Thread 0x0000000002c18000 Uncommon trap: reason=unstable_if action=reinterpret pc=0x0000000003429440 method=java.util.HashMap.hash(Ljava/lang/Object;)I @ 1
Event: 25.584 Thread 0x0000000002c18000 Uncommon trap: reason=class_check action=maybe_recompile pc=0x0000000003326a38 method=org.objectweb.asm.ClassReader.readCode(Lorg/objectweb/asm/MethodVisitor;Lorg/objectweb/asm/Context;I)V @ 1808
Event: 25.592 Thread 0x0000000002c18000 Uncommon trap: reason=class_check action=maybe_recompile pc=0x0000000003982544 method=org.objectweb.asm.MethodWriter.visitFrame(II[Ljava/lang/Object;I[Ljava/lang/Object;)V @ 222
Event: 25.592 Thread 0x0000000002c18000 Uncommon trap: reason=class_check action=maybe_recompile pc=0x0000000003982544 method=org.objectweb.asm.MethodWriter.visitFrame(II[Ljava/lang/Object;I[Ljava/lang/Object;)V @ 222
Event: 25.593 Thread 0x0000000002c18000 Uncommon trap: reason=class_check action=maybe_recompile pc=0x0000000003982544 method=org.objectweb.asm.MethodWriter.visitFrame(II[Ljava/lang/Object;I[Ljava/lang/Object;)V @ 222
Event: 25.593 Thread 0x0000000002c18000 Uncommon trap: reason=class_check action=maybe_recompile pc=0x0000000003982544 method=org.objectweb.asm.MethodWriter.visitFrame(II[Ljava/lang/Object;I[Ljava/lang/Object;)V @ 222
Event: 26.301 Thread 0x0000000002c18000 Uncommon trap: reason=unstable_if action=reinterpret pc=0x0000000003c6804c method=org.objectweb.asm.Frame.execute(IILorg/objectweb/asm/ClassWriter;Lorg/objectweb/asm/Item;)V @ 1936
Event: 26.664 Thread 0x0000000002c18000 Uncommon trap: reason=unstable_if action=reinterpret pc=0x000000000361eb1c method=cpw.mods.fml.common.asm.transformers.AccessTransformer.transform(Ljava/lang/String;Ljava/lang/String;[B)[B @ 119

Internal exceptions (10 events):
Event: 27.163 Thread 0x0000000023c7b800 Exception <a 'org/lwjgl/LWJGLException'> (0x00000006518fb500) thrown at [C:\re\workspace\8-2-build-windows-amd64-cygwin\jdk8u131\8869\hotspot\src\share\vm\prims\jni.cpp, line 709]
Event: 27.163 Thread 0x0000000023c7b800 Exception <a 'org/lwjgl/LWJGLException'> (0x00000006518fbb58) thrown at [C:\re\workspace\8-2-build-windows-amd64-cygwin\jdk8u131\8869\hotspot\src\share\vm\prims\jni.cpp, line 709]
Event: 27.163 Thread 0x0000000023c7b800 Exception <a 'org/lwjgl/LWJGLException'> (0x00000006518fc1b8) thrown at [C:\re\workspace\8-2-build-windows-amd64-cygwin\jdk8u131\8869\hotspot\src\share\vm\prims\jni.cpp, line 709]
Event: 27.163 Thread 0x0000000023c7b800 Exception <a 'org/lwjgl/LWJGLException'> (0x00000006518fc838) thrown at [C:\re\workspace\8-2-build-windows-amd64-cygwin\jdk8u131\8869\hotspot\src\share\vm\prims\jni.cpp, line 709]
Event: 27.163 Thread 0x0000000023c7b800 Exception <a 'org/lwjgl/LWJGLException'> (0x00000006518fcdd0) thrown at [C:\re\workspace\8-2-build-windows-amd64-cygwin\jdk8u131\8869\hotspot\src\share\vm\prims\jni.cpp, line 709]
Event: 27.163 Thread 0x0000000023c7b800 Exception <a 'org/lwjgl/LWJGLException'> (0x00000006518fd3f0) thrown at [C:\re\workspace\8-2-build-windows-amd64-cygwin\jdk8u131\8869\hotspot\src\share\vm\prims\jni.cpp, line 709]
Event: 27.163 Thread 0x0000000023c7b800 Exception <a 'org/lwjgl/LWJGLException'> (0x00000006518fdad0) thrown at [C:\re\workspace\8-2-build-windows-amd64-cygwin\jdk8u131\8869\hotspot\src\share\vm\prims\jni.cpp, line 709]
Event: 27.163 Thread 0x0000000023c7b800 Exception <a 'org/lwjgl/LWJGLException'> (0x00000006518fe148) thrown at [C:\re\workspace\8-2-build-windows-amd64-cygwin\jdk8u131\8869\hotspot\src\share\vm\prims\jni.cpp, line 709]
Event: 27.163 Thread 0x0000000023c7b800 Exception <a 'org/lwjgl/LWJGLException'> (0x00000006518fe7a8) thrown at [C:\re\workspace\8-2-build-windows-amd64-cygwin\jdk8u131\8869\hotspot\src\share\vm\prims\jni.cpp, line 709]
Event: 27.163 Thread 0x0000000023c7b800 Exception <a 'org/lwjgl/LWJGLException'> (0x00000006518fedd8) thrown at [C:\re\workspace\8-2-build-windows-amd64-cygwin\jdk8u131\8869\hotspot\src\share\vm\prims\jni.cpp, line 709]

Events (10 events):
Event: 27.179 loading class org/lwjgl/openal/OpenALException
Event: 27.179 loading class org/lwjgl/openal/OpenALException done
Event: 27.179 Thread 0x000000001e243800 flushing nmethod 0x00000000032df6d0
Event: 27.179 Thread 0x000000001e243800 flushing nmethod 0x00000000032f5550
Event: 27.179 Thread 0x000000001e243800 flushing nmethod 0x000000000330ad10
Event: 27.179 Thread 0x000000001e243800 flushing nmethod 0x0000000003316ed0
Event: 27.181 Thread 0x000000001e245000 flushing nmethod 0x00000000033e6450
Event: 27.181 Thread 0x000000001e245000 flushing nmethod 0x00000000033e9610
Event: 27.181 Thread 0x000000001e245000 flushing nmethod 0x00000000033f0cd0
Event: 27.181 Thread 0x000000001e245000 flushing nmethod 0x0000000003417110


Dynamic libraries:
0x00007ff699460000 - 0x00007ff699497000 	C:\Program Files\Java\jdk1.8.0_131\bin\java.exe
0x00007ffda2b90000 - 0x00007ffda2d6b000 	C:\WINDOWS\SYSTEM32\ntdll.dll
0x00007ffda0b70000 - 0x00007ffda0c1e000 	C:\WINDOWS\System32\KERNEL32.DLL
0x00007ffd9f610000 - 0x00007ffd9f859000 	C:\WINDOWS\System32\KERNELBASE.dll
0x00007ffda25f0000 - 0x00007ffda2691000 	C:\WINDOWS\System32\ADVAPI32.dll
0x00007ffda2af0000 - 0x00007ffda2b8d000 	C:\WINDOWS\System32\msvcrt.dll
0x00007ffda0b10000 - 0x00007ffda0b69000 	C:\WINDOWS\System32\sechost.dll
0x00007ffda0660000 - 0x00007ffda0785000 	C:\WINDOWS\System32\RPCRT4.dll
0x00007ffda26a0000 - 0x00007ffda27ea000 	C:\WINDOWS\System32\USER32.dll
0x00007ffd9f0b0000 - 0x00007ffd9f0ce000 	C:\WINDOWS\System32\win32u.dll
0x00007ffda0850000 - 0x00007ffda0877000 	C:\WINDOWS\System32\GDI32.dll
0x00007ffd9f860000 - 0x00007ffd9f9e8000 	C:\WINDOWS\System32\gdi32full.dll
0x00007ffd9f520000 - 0x00007ffd9f5ba000 	C:\WINDOWS\System32\msvcp_win.dll
0x00007ffd9f420000 - 0x00007ffd9f516000 	C:\WINDOWS\System32\ucrtbase.dll
0x00007ffd93c60000 - 0x00007ffd93ec7000 	C:\WINDOWS\WinSxS\amd64_microsoft.windows.common-controls_6595b64144ccf1df_6.0.15063.483_none_26002d27e7c744a2\COMCTL32.dll
0x00007ffda27f0000 - 0x00007ffda2ae9000 	C:\WINDOWS\System32\combase.dll
0x00007ffd9f2a0000 - 0x00007ffd9f30a000 	C:\WINDOWS\System32\bcryptPrimitives.dll
0x00007ffda2560000 - 0x00007ffda258d000 	C:\WINDOWS\System32\IMM32.DLL
0x0000000068990000 - 0x0000000068a62000 	C:\Program Files\Java\jdk1.8.0_131\jre\bin\msvcr100.dll
0x00000000680f0000 - 0x000000006898c000 	C:\Program Files\Java\jdk1.8.0_131\jre\bin\server\jvm.dll
0x00007ffda0530000 - 0x00007ffda0538000 	C:\WINDOWS\System32\PSAPI.DLL
0x00007ffd8f8c0000 - 0x00007ffd8f8c9000 	C:\WINDOWS\SYSTEM32\WSOCK32.dll
0x00007ffd96280000 - 0x00007ffd962a3000 	C:\WINDOWS\SYSTEM32\WINMM.dll
0x00007ffd93730000 - 0x00007ffd9373a000 	C:\WINDOWS\SYSTEM32\VERSION.dll
0x00007ffda24f0000 - 0x00007ffda255c000 	C:\WINDOWS\System32\WS2_32.dll
0x00007ffd96100000 - 0x00007ffd9612b000 	C:\WINDOWS\SYSTEM32\winmmbase.dll
0x00007ffd9f5c0000 - 0x00007ffd9f609000 	C:\WINDOWS\System32\cfgmgr32.dll
0x0000000069bc0000 - 0x0000000069bcf000 	C:\Program Files\Java\jdk1.8.0_131\jre\bin\verify.dll
0x0000000069b90000 - 0x0000000069bb9000 	C:\Program Files\Java\jdk1.8.0_131\jre\bin\java.dll
0x0000000068070000 - 0x0000000068093000 	C:\Program Files\Java\jdk1.8.0_131\jre\bin\instrument.dll
0x0000000069b70000 - 0x0000000069b86000 	C:\Program Files\Java\jdk1.8.0_131\jre\bin\zip.dll
0x00007ffda10b0000 - 0x00007ffda24e7000 	C:\WINDOWS\System32\SHELL32.dll
0x00007ffda0de0000 - 0x00007ffda0e8a000 	C:\WINDOWS\System32\shcore.dll
0x00007ffd9f9f0000 - 0x00007ffda00e3000 	C:\WINDOWS\System32\windows.storage.dll
0x00007ffda0fe0000 - 0x00007ffda1031000 	C:\WINDOWS\System32\shlwapi.dll
0x00007ffd9f070000 - 0x00007ffd9f081000 	C:\WINDOWS\System32\kernel.appcore.dll
0x00007ffd9f020000 - 0x00007ffd9f06c000 	C:\WINDOWS\System32\powrprof.dll
0x00007ffd9f090000 - 0x00007ffd9f0a5000 	C:\WINDOWS\System32\profapi.dll
0x00007ffd7c250000 - 0x00007ffd7c26a000 	C:\Program Files\JetBrains\IntelliJ IDEA Community Edition 2017.2.1\bin\breakgen64.dll
0x0000000069b50000 - 0x0000000069b6a000 	C:\Program Files\Java\jdk1.8.0_131\jre\bin\net.dll
0x00007ffd9e910000 - 0x00007ffd9e96c000 	C:\WINDOWS\system32\mswsock.dll
0x0000000068060000 - 0x000000006806d000 	C:\Program Files\Java\jdk1.8.0_131\jre\bin\management.dll
0x00000000680d0000 - 0x00000000680e1000 	C:\Program Files\Java\jdk1.8.0_131\jre\bin\nio.dll
0x00007ffd93bc0000 - 0x00007ffd93bd6000 	C:\WINDOWS\system32\napinsp.dll
0x00007ffd8a400000 - 0x00007ffd8a41a000 	C:\WINDOWS\system32\pnrpnsp.dll
0x00007ffd9a8e0000 - 0x00007ffd9a8f8000 	C:\WINDOWS\system32\NLAapi.dll
0x00007ffd9e6f0000 - 0x00007ffd9e794000 	C:\WINDOWS\SYSTEM32\DNSAPI.dll
0x00007ffda1040000 - 0x00007ffda1048000 	C:\WINDOWS\System32\NSI.dll
0x00007ffd9e6b0000 - 0x00007ffd9e6e7000 	C:\WINDOWS\SYSTEM32\IPHLPAPI.DLL
0x00007ffd991c0000 - 0x00007ffd991ce000 	C:\WINDOWS\System32\winrnr.dll
0x00007ffd9bf50000 - 0x00007ffd9bf65000 	C:\WINDOWS\System32\wshbth.dll
0x00007ffd8f9f0000 - 0x00007ffd8f9fa000 	C:\Windows\System32\rasadhlp.dll
0x00007ffd96770000 - 0x00007ffd967db000 	C:\WINDOWS\System32\fwpuclnt.dll
0x00007ffd9ebc0000 - 0x00007ffd9ebe5000 	C:\WINDOWS\SYSTEM32\bcrypt.dll
0x00000000680a0000 - 0x00000000680c4000 	C:\Program Files\Java\jdk1.8.0_131\jre\bin\sunec.dll
0x00007ffd99500000 - 0x00007ffd99516000 	C:\WINDOWS\SYSTEM32\dhcpcsvc6.DLL
0x00007ffd99730000 - 0x00007ffd9974a000 	C:\WINDOWS\SYSTEM32\dhcpcsvc.DLL
0x00007ffd9eab0000 - 0x00007ffd9eac7000 	C:\WINDOWS\SYSTEM32\CRYPTSP.dll
0x00007ffd9e530000 - 0x00007ffd9e564000 	C:\WINDOWS\system32\rsaenh.dll
0x00007ffd9ef00000 - 0x00007ffd9ef29000 	C:\WINDOWS\SYSTEM32\USERENV.dll
0x00007ffd9ead0000 - 0x00007ffd9eadb000 	C:\WINDOWS\SYSTEM32\CRYPTBASE.dll
0x0000000069b40000 - 0x0000000069b4b000 	C:\Program Files\Java\jdk1.8.0_131\jre\bin\sunmscapi.dll
0x00007ffd9f0d0000 - 0x00007ffd9f299000 	C:\WINDOWS\System32\CRYPT32.dll
0x00007ffd9f000000 - 0x00007ffd9f011000 	C:\WINDOWS\System32\MSASN1.dll
0x0000000180000000 - 0x0000000180051000 	C:\Users\hasla\.gradle\caches\minecraft\net\minecraft\minecraft_natives\1.7.10\lwjgl64.dll
0x00007ffd81810000 - 0x00007ffd81931000 	C:\WINDOWS\SYSTEM32\OPENGL32.dll
0x00007ffd8c8a0000 - 0x00007ffd8c8cc000 	C:\WINDOWS\SYSTEM32\GLU32.dll
0x0000000067ec0000 - 0x0000000068058000 	C:\Program Files\Java\jdk1.8.0_131\jre\bin\awt.dll
0x00007ffda0790000 - 0x00007ffda0850000 	C:\WINDOWS\System32\OLEAUT32.dll
0x00007ffd9d470000 - 0x00007ffd9d4ee000 	C:\WINDOWS\SYSTEM32\apphelp.dll
0x00007ffd9d6c0000 - 0x00007ffd9d755000 	C:\WINDOWS\system32\uxtheme.dll
0x00007ffda0880000 - 0x00007ffda09e6000 	C:\WINDOWS\System32\MSCTF.dll
0x00007ffd8cf40000 - 0x00007ffd8cfe1000 	C:\Program Files\Common Files\microsoft shared\ink\tiptsf.dll
0x00007ffd944a0000 - 0x00007ffd944ca000 	C:\WINDOWS\system32\dwmapi.dll
0x0000000065c50000 - 0x0000000067eb8000 	C:\WINDOWS\SYSTEM32\nvoglv64.DLL
0x00007ffda00f0000 - 0x00007ffda052b000 	C:\WINDOWS\System32\SETUPAPI.dll
0x00007ffd9b470000 - 0x00007ffd9b483000 	C:\WINDOWS\SYSTEM32\WTSAPI32.dll
0x00007ffd9db80000 - 0x00007ffd9dba8000 	C:\WINDOWS\SYSTEM32\DEVOBJ.dll
0x00007ffd9f310000 - 0x00007ffd9f366000 	C:\WINDOWS\System32\WINTRUST.dll
0x00007ffd9e360000 - 0x00007ffd9e391000 	C:\WINDOWS\SYSTEM32\ntmarta.dll
0x00007ffd99f70000 - 0x00007ffd99ff2000 	C:\WINDOWS\System32\TextInputFramework.dll
0x00007ffd8ad30000 - 0x00007ffd8b002000 	C:\WINDOWS\System32\CoreUIComponents.dll
0x00007ffd9ce30000 - 0x00007ffd9cf13000 	C:\WINDOWS\System32\CoreMessaging.dll
0x00007ffd9b660000 - 0x00007ffd9b799000 	C:\WINDOWS\SYSTEM32\wintypes.dll
0x00007ffd98780000 - 0x00007ffd98795000 	C:\WINDOWS\SYSTEM32\usermgrcli.dll
0x00007ffda0e90000 - 0x00007ffda0fd5000 	C:\WINDOWS\System32\ole32.dll
0x00007ffda0540000 - 0x00007ffda05de000 	C:\WINDOWS\System32\clbcatq.dll
0x00007ffd9b590000 - 0x00007ffd9b623000 	C:\WINDOWS\SYSTEM32\mscms.dll
0x00007ffd78ba0000 - 0x00007ffd78be1000 	C:\WINDOWS\SYSTEM32\icm32.dll
0x00007ffd83fb0000 - 0x00007ffd84175000 	C:\Windows\System32\uiautomationcore.dll
0x00007ffd9ee60000 - 0x00007ffd9eefa000 	C:\WINDOWS\SYSTEM32\sxs.dll
0x00007ffd943a0000 - 0x00007ffd9440b000 	C:\Windows\System32\OLEACC.dll
0x00007ffd9e160000 - 0x00007ffd9e1b5000 	C:\WINDOWS\SYSTEM32\WINSTA.dll
0x00007ffd9de70000 - 0x00007ffd9df14000 	C:\WINDOWS\system32\dxgi.dll
0x00007ffd9c140000 - 0x00007ffd9c41f000 	C:\WINDOWS\system32\d3d11.dll
0x00007ffd70050000 - 0x00007ffd70131000 	C:\WINDOWS\System32\DriverStore\FileRepository\nvlti.inf_amd64_984d7ebc1a4a35bd\nvldumdx.dll
0x00007ffda0c20000 - 0x00007ffda0c3d000 	C:\WINDOWS\System32\imagehlp.dll
0x00007ffd511d0000 - 0x00007ffd52b5e000 	C:\WINDOWS\System32\DriverStore\FileRepository\nvlti.inf_amd64_984d7ebc1a4a35bd\nvwgf2umx.dll
0x00007ffd89fc0000 - 0x00007ffd8a3fe000 	C:\WINDOWS\system32\nvapi64.dll
0x00007ffd9cf30000 - 0x00007ffd9d052000 	C:\WINDOWS\SYSTEM32\dcomp.dll
0x0000000070a40000 - 0x0000000070adc000 	C:\Users\hasla\.gradle\caches\minecraft\net\minecraft\minecraft_natives\1.7.10\avutil-ttv-51.dll
0x0000000065980000 - 0x00000000659d6000 	C:\Users\hasla\.gradle\caches\minecraft\net\minecraft\minecraft_natives\1.7.10\swresample-ttv-0.dll
0x000000006eb80000 - 0x000000006ec50000 	C:\Users\hasla\.gradle\caches\minecraft\net\minecraft\minecraft_natives\1.7.10\libmp3lame-ttv.dll
0x00007ffd4fe20000 - 0x00007ffd511c4000 	C:\Users\hasla\.gradle\caches\minecraft\net\minecraft\minecraft_natives\1.7.10\libmfxsw64.dll
0x00007ffd6f880000 - 0x00007ffd6f9ab000 	C:\Users\hasla\.gradle\caches\minecraft\net\minecraft\minecraft_natives\1.7.10\twitchsdk.dll
0x00007ffd91fd0000 - 0x00007ffd922fe000 	C:\WINDOWS\SYSTEM32\WININET.dll
0x0000000026670000 - 0x00000000266d4000 	C:\Users\hasla\.gradle\caches\minecraft\net\minecraft\minecraft_natives\1.7.10\OpenAL64.dll
0x00007ffd98b90000 - 0x00007ffd98bf7000 	C:\WINDOWS\System32\MMDevApi.dll
0x00007ffd98fb0000 - 0x00007ffd99146000 	C:\WINDOWS\System32\PROPSYS.dll
0x00007ffd60f20000 - 0x00007ffd60fac000 	C:\WINDOWS\SYSTEM32\dsound.dll
0x00007ffd969d0000 - 0x00007ffd96ad5000 	C:\WINDOWS\SYSTEM32\AUDIOSES.DLL
0x00007ffd9b280000 - 0x00007ffd9b28b000 	C:\WINDOWS\SYSTEM32\AVRT.dll
0x00007ffd9a730000 - 0x00007ffd9a8d9000 	C:\WINDOWS\SYSTEM32\dbghelp.dll

VM Arguments:
jvm_args: -Xincgc -Xmx6G -Xms6G -javaagent:C:\Program Files\JetBrains\IntelliJ IDEA Community Edition 2017.2.1\lib\idea_rt.jar=59908:C:\Program Files\JetBrains\IntelliJ IDEA Community Edition 2017.2.1\bin -Dfile.encoding=UTF-8 
java_command: GradleStart --username=codyhaslam@gmail.com --password=boysdog01
java_class_path (initial): C:\Program Files\Java\jdk1.8.0_131\jre\lib\charsets.jar;C:\Program Files\Java\jdk1.8.0_131\jre\lib\deploy.jar;C:\Program Files\Java\jdk1.8.0_131\jre\lib\ext\access-bridge-64.jar;C:\Program Files\Java\jdk1.8.0_131\jre\lib\ext\cldrdata.jar;C:\Program Files\Java\jdk1.8.0_131\jre\lib\ext\dnsns.jar;C:\Program Files\Java\jdk1.8.0_131\jre\lib\ext\jaccess.jar;C:\Program Files\Java\jdk1.8.0_131\jre\lib\ext\jfxrt.jar;C:\Program Files\Java\jdk1.8.0_131\jre\lib\ext\localedata.jar;C:\Program Files\Java\jdk1.8.0_131\jre\lib\ext\nashorn.jar;C:\Program Files\Java\jdk1.8.0_131\jre\lib\ext\sunec.jar;C:\Program Files\Java\jdk1.8.0_131\jre\lib\ext\sunjce_provider.jar;C:\Program Files\Java\jdk1.8.0_131\jre\lib\ext\sunmscapi.jar;C:\Program Files\Java\jdk1.8.0_131\jre\lib\ext\sunpkcs11.jar;C:\Program Files\Java\jdk1.8.0_131\jre\lib\ext\zipfs.jar;C:\Program Files\Java\jdk1.8.0_131\jre\lib\javaws.jar;C:\Program Files\Java\jdk1.8.0_131\jre\lib\jce.jar;C:\Program Files\Java\jdk1.8.0_131\jre\lib\jfr.jar;C:\Program Files\Java\jdk1.8.0_131\jre\lib\jfxswt.jar;C:\Program Files\Java\jdk1.8.0_131\jre\lib\jsse.jar;C:\Program Files\Java\jdk1.8.0_131\jre\lib\management-agent.jar;C:\Program Files\Java\jdk1.8.0_131\jre\lib\plugin.jar;C:\Program Files\Java\jdk1.8.0_131\jre\lib\resources.jar;C:\Program Files\Java\jdk1.8.0_131\jre\lib\rt.jar;C:\Users\hasla\Desktop\java\Sky_Tinkering_rewrite\out\production\classes;C:\Users\hasla\Desktop\java\Sky_Tinkering_rewrite\out\production\resources;C:\Users\hasla\.gradle\caches\minecraft\net\minecraftforge\forge\1.7.10-10.13.4.1558-1.7.10\forgeSrc-1.7.10-10.13.4.1558-1.7.10.jar;C:\Users\hasla\.gradle\caches\modules-2\files-2.1\net.minecraft\launchwrapper\1.12\111e7bea9c968cdb3d06ef4632bf7ff0824d0f36\launchwrapper-1.12.jar;C:\Users\hasla\.gradle\caches\modules-2\files-2.1\com.google.code.findbugs\jsr305\1.3.9\40719ea6961c0cb6afaeb6a921eaa1f6afd4cfdf\jsr305-1.3.9.jar;C:\Users\hasla\.gradle\caches\modules-2\files-2.1\org.ow2.asm\asm-debug-all\
Launcher Type: SUN_STANDARD

Environment Variables:
JAVA_HOME=C:\Program Files\Java\jdk1.8.0_131
PATH=C:\ProgramData\Oracle\Java\javapath;C:\Program Files (x86)\Common Files\Intel\Shared Libraries\redist\intel64\compiler;C:\Windows\system32;C:\Windows;C:\Windows\System32\Wbem;C:\Windows\System32\WindowsPowerShell\v1.0\;C:\Program Files (x86)\NVIDIA Corporation\PhysX\Common;C:\WINDOWS\system32;C:\WINDOWS;C:\WINDOWS\System32\Wbem;C:\WINDOWS\System32\WindowsPowerShell\v1.0\;C:\cygnus\cygwin-b20\H-i586-cygwin32\bin;C:\Program Files (x86)\GtkSharp\2.12\bin;C:\Program Files\Intel\WiFi\bin\;C:\Program Files\Common Files\Intel\WirelessCommon\;D:\android-sdk\tools;C:\Program Files\Git\cmd;C:\Users\hasla\AppData\Local\Microsoft\WindowsApps;;C:\Program Files (x86)\Microsoft VS Code\bin;C:\Program Files\Intel\WiFi\bin\;C:\Program Files\Common Files\Intel\WirelessCommon\
USERNAME=hasla
OS=Windows_NT
PROCESSOR_IDENTIFIER=Intel64 Family 6 Model 94 Stepping 3, GenuineIntel



---------------  S Y S T E M  ---------------

OS: Windows 10.0 , 64 bit Build 15063 (10.0.15063.296)

CPU:total 8 (initial active 8) (4 cores per cpu, 2 threads per core) family 6 model 94 stepping 3, cmov, cx8, fxsr, mmx, sse, sse2, sse3, ssse3, sse4.1, sse4.2, popcnt, avx, avx2, aes, clmul, erms, rtm, 3dnowpref, lzcnt, ht, tsc, tscinvbit, bmi1, bmi2, adx

Memory: 4k page, physical 16600864k(5465760k free), swap 30232352k(4804164k free)

vm_info: Java HotSpot(TM) 64-Bit Server VM (25.131-b11) for windows-amd64 JRE (1.8.0_131-b11), built on Mar 15 2017 01:23:53 by "java_re" with MS VC++ 10.0 (VS2010)

time: Sun Aug 13 04:41:35 2017
elapsed time: 27 seconds (0d 0h 0m 27s)

